c:\users\andre\desktop\ands\deq\deq\x64\debug\vc143.pdb
c:\users\andre\desktop\ands\deq\deq\x64\debug\vc143.idb
c:\users\andre\desktop\ands\deq\deq\x64\debug\source.obj
c:\users\andre\desktop\deq\deq\x64\debug\vc143.pdb
c:\users\andre\desktop\deq\deq\x64\debug\vc143.idb
c:\users\andre\desktop\deq\deq\x64\debug\source.obj
d:\учеба\бнту\прошлые семестры\сиоад\deq ands\version 3.0\deq\deq\x64\debug\vc143.pdb
d:\учеба\бнту\прошлые семестры\сиоад\deq ands\version 3.0\deq\deq\x64\debug\vc143.idb
d:\учеба\бнту\прошлые семестры\сиоад\deq ands\version 3.0\deq\deq\x64\debug\source.obj
c:\users\andre\desktop\ands\deq\x64\debug\deq.exe
c:\users\andre\desktop\ands\deq\deq\x64\debug\deq.ilk
c:\users\andre\desktop\ands\deq\x64\debug\deq.pdb
c:\users\andre\desktop\deq\x64\debug\deq.exe
c:\users\andre\desktop\deq\deq\x64\debug\deq.ilk
c:\users\andre\desktop\deq\x64\debug\deq.pdb
d:\учеба\бнту\прошлые семестры\сиоад\deq ands\version 3.0\deq\x64\debug\deq.exe
d:\учеба\бнту\прошлые семестры\сиоад\deq ands\version 3.0\deq\x64\debug\deq.pdb
d:\учеба\бнту\прошлые семестры\сиоад\deq ands\version 3.0\deq\deq\x64\debug\deq.ilk
d:\учеба\бнту\прошлые семестры\сиоад\deq ands\version 3.0\deq\deq\x64\debug\source.obj.enc
d:\учеба\бнту\прошлые семестры\сиоад\deq ands\version 3.0\deq\deq\x64\debug\deq.tlog\cl.command.1.tlog
d:\учеба\бнту\прошлые семестры\сиоад\deq ands\version 3.0\deq\deq\x64\debug\deq.tlog\cl.items.tlog
d:\учеба\бнту\прошлые семестры\сиоад\deq ands\version 3.0\deq\deq\x64\debug\deq.tlog\cl.read.1.tlog
d:\учеба\бнту\прошлые семестры\сиоад\deq ands\version 3.0\deq\deq\x64\debug\deq.tlog\cl.write.1.tlog
d:\учеба\бнту\прошлые семестры\сиоад\deq ands\version 3.0\deq\deq\x64\debug\deq.tlog\link.command.1.tlog
d:\учеба\бнту\прошлые семестры\сиоад\deq ands\version 3.0\deq\deq\x64\debug\deq.tlog\link.read.1.tlog
d:\учеба\бнту\прошлые семестры\сиоад\deq ands\version 3.0\deq\deq\x64\debug\deq.tlog\link.secondary.1.tlog
d:\учеба\бнту\прошлые семестры\сиоад\deq ands\version 3.0\deq\deq\x64\debug\deq.tlog\link.write.1.tlog
